C:\Users\Utilisateur_\Documents\Visual Studio 2012\Projects\SkyFall Menu SubMenu\Black Ops 3 Non Host Dvar Menu ZM\BlackOps3ZombieMenuNoHost\PS3_Debug\cellPrx_MrNiato_stub.a
C:\USERS\UTILISATEUR_\DOCUMENTS\VISUAL STUDIO 2012\PROJECTS\SKYFALL MENU SUBMENU\BLACK OPS 3 NON HOST DVAR MENU ZM\BLACKOPS3ZOMBIEMENUNOHOST\PS3_DEBUG\MRNIATO.SPRX
C:\USERS\UTILIS~1\APPDATA\LOCAL\TEMP\PS3PPULD211882\LIB.ENT.O
C:\USERS\UTILIS~1\APPDATA\LOCAL\TEMP\PS3PPULD182322\LIB.ENT.O
C:\USERS\UTILIS~1\APPDATA\LOCAL\TEMP\PS3PPULD191362\LIB.ENT.O
C:\USERS\UTILIS~1\APPDATA\LOCAL\TEMP\PS3PPULD198482\LIB.ENT.O
C:\USERS\UTILIS~1\APPDATA\LOCAL\TEMP\PS3PPULD187682\LIB.ENT.O
C:\USERS\UTILIS~1\APPDATA\LOCAL\TEMP\PS3PPULD193842\LIB.ENT.O
C:\USERS\UTILIS~1\APPDATA\LOCAL\TEMP\PS3PPULD87602\LIB.ENT.O
C:\USERS\UTILIS~1\APPDATA\LOCAL\TEMP\PS3PPULD104522\LIB.ENT.O
C:\USERS\UTILIS~1\APPDATA\LOCAL\TEMP\PS3PPULD132802\LIB.ENT.O
C:\USERS\UTILIS~1\APPDATA\LOCAL\TEMP\PS3PPULD201962\LIB.ENT.O
C:\USERS\UTILIS~1\APPDATA\LOCAL\TEMP\PS3PPULD132122\LIB.ENT.O
C:\USERS\UTILIS~1\APPDATA\LOCAL\TEMP\PS3PPULD80722\LIB.ENT.O
C:\USERS\UTILIS~1\APPDATA\LOCAL\TEMP\PS3PPULD44442\LIB.ENT.O
C:\USERS\UTILIS~1\APPDATA\LOCAL\TEMP\PS3PPULD166282\LIB.ENT.O
C:\USERS\UTILIS~1\APPDATA\LOCAL\TEMP\PS3PPULD192922\LIB.ENT.O
C:\USERS\UTILIS~1\APPDATA\LOCAL\TEMP\PS3PPULD175122\LIB.ENT.O
C:\USERS\UTILIS~1\APPDATA\LOCAL\TEMP\PS3PPULD206402\LIB.ENT.O
C:\USERS\UTILIS~1\APPDATA\LOCAL\TEMP\PS3PPULD72362\LIB.ENT.O
C:\USERS\UTILIS~1\APPDATA\LOCAL\TEMP\PS3PPULD151722\LIB.ENT.O
C:\USERS\UTILIS~1\APPDATA\LOCAL\TEMP\PS3PPULD144922\LIB.ENT.O
C:\USERS\UTILIS~1\APPDATA\LOCAL\TEMP\PS3PPULD17242\LIB.ENT.O
C:\USERS\UTILIS~1\APPDATA\LOCAL\TEMP\PS3PPULD212242\LIB.ENT.O
C:\USERS\UTILIS~1\APPDATA\LOCAL\TEMP\PS3PPULD177082\LIB.ENT.O
C:\USERS\UTILIS~1\APPDATA\LOCAL\TEMP\PS3PPULD102522\LIB.ENT.O
C:\USERS\UTILIS~1\APPDATA\LOCAL\TEMP\PS3PPULD212082\LIB.ENT.O
C:\USERS\UTILIS~1\APPDATA\LOCAL\TEMP\PS3PPULD211882\MRNIATO
C:\USERS\UTILIS~1\APPDATA\LOCAL\TEMP\PS3PPULD182322\MRNIATO
C:\USERS\UTILIS~1\APPDATA\LOCAL\TEMP\PS3PPULD191362\MRNIATO
C:\USERS\UTILIS~1\APPDATA\LOCAL\TEMP\PS3PPULD198482\MRNIATO
C:\USERS\UTILIS~1\APPDATA\LOCAL\TEMP\PS3PPULD187682\MRNIATO
C:\USERS\UTILIS~1\APPDATA\LOCAL\TEMP\PS3PPULD193842\MRNIATO
C:\USERS\UTILIS~1\APPDATA\LOCAL\TEMP\PS3PPULD87602\MRNIATO
C:\USERS\UTILIS~1\APPDATA\LOCAL\TEMP\PS3PPULD104522\MRNIATO
C:\USERS\UTILIS~1\APPDATA\LOCAL\TEMP\PS3PPULD132802\MRNIATO
C:\USERS\UTILIS~1\APPDATA\LOCAL\TEMP\PS3PPULD201962\MRNIATO
C:\USERS\UTILIS~1\APPDATA\LOCAL\TEMP\PS3PPULD132122\MRNIATO
C:\USERS\UTILIS~1\APPDATA\LOCAL\TEMP\PS3PPULD80722\MRNIATO
C:\USERS\UTILIS~1\APPDATA\LOCAL\TEMP\PS3PPULD44442\MRNIATO
C:\USERS\UTILIS~1\APPDATA\LOCAL\TEMP\PS3PPULD166282\MRNIATO
C:\USERS\UTILIS~1\APPDATA\LOCAL\TEMP\PS3PPULD192922\MRNIATO
C:\USERS\UTILIS~1\APPDATA\LOCAL\TEMP\PS3PPULD175122\MRNIATO
C:\USERS\UTILIS~1\APPDATA\LOCAL\TEMP\PS3PPULD206402\MRNIATO
C:\USERS\UTILIS~1\APPDATA\LOCAL\TEMP\PS3PPULD72362\MRNIATO
C:\USERS\UTILIS~1\APPDATA\LOCAL\TEMP\PS3PPULD151722\MRNIATO
C:\USERS\UTILIS~1\APPDATA\LOCAL\TEMP\PS3PPULD144922\MRNIATO
C:\USERS\UTILIS~1\APPDATA\LOCAL\TEMP\PS3PPULD17242\MRNIATO
C:\USERS\UTILIS~1\APPDATA\LOCAL\TEMP\PS3PPULD212242\MRNIATO
C:\USERS\UTILIS~1\APPDATA\LOCAL\TEMP\PS3PPULD177082\MRNIATO
C:\USERS\UTILIS~1\APPDATA\LOCAL\TEMP\PS3PPULD102522\MRNIATO
C:\USERS\UTILIS~1\APPDATA\LOCAL\TEMP\PS3PPULD212082\MRNIATO
C:\USERS\UTILISATEUR_\DOCUMENTS\VISUAL STUDIO 2012\PROJECTS\SKYFALL MENU SUBMENU\BLACK OPS 3 NON HOST DVAR MENU ZM\BLACKOPS3ZOMBIEMENUNOHOST\BLACKOPS3ZOMBIEMENUNOHOST\PS3_DEBUG\STDAFX.O
C:\USERS\UTILISATEUR_\DOCUMENTS\VISUAL STUDIO 2012\PROJECTS\SKYFALL MENU SUBMENU\BLACK OPS 3 NON HOST DVAR MENU ZM\BLACKOPS3ZOMBIEMENUNOHOST\BLACKOPS3ZOMBIEMENUNOHOST\PS3_DEBUG\MRNIATO.PCH
C:\USERS\UTILISATEUR_\DOCUMENTS\VISUAL STUDIO 2012\PROJECTS\SKYFALL MENU SUBMENU\BLACK OPS 3 NON HOST DVAR MENU ZM\BLACKOPS3ZOMBIEMENUNOHOST\BLACKOPS3ZOMBIEMENUNOHOST\PS3_DEBUG\PRX.O
C:\Users\Utilisateur_\Documents\Visual Studio 2012\Projects\SkyFall Menu SubMenu\Black Ops 3 Non Host Dvar Menu ZM\BlackOps3ZombieMenuNoHost\BlackOps3ZombieMenuNoHost\PS3_Debug\prx.o
C:\Users\Utilisateur_\Documents\Visual Studio 2012\Projects\SkyFall Menu SubMenu\Black Ops 3 Non Host Dvar Menu ZM\BlackOps3ZombieMenuNoHost\BlackOps3ZombieMenuNoHost\PS3_Debug\stdafx.o
C:\Users\Utilisateur_\Documents\Visual Studio 2012\Projects\SkyFall Menu SubMenu\Black Ops 3 Non Host Dvar Menu ZM\BlackOps3ZombieMenuNoHost\BlackOps3ZombieMenuNoHost\PS3_Debug\MrNiato.pch
C:\Users\Utilisateur_\Documents\Visual Studio 2012\Projects\SkyFall Menu SubMenu\Black Ops 3 Non Host Dvar Menu ZM\BlackOps3ZombieMenuNoHost\BlackOps3ZombieMenuNoHost\PS3_Debug\MrNiato.write.1.tlog
C:\Users\Utilisateur_\Documents\Visual Studio 2012\Projects\SkyFall Menu SubMenu\Black Ops 3 Non Host Dvar Menu ZM\BlackOps3ZombieMenuNoHost\BlackOps3ZombieMenuNoHost\PS3_Debug\ps3ppuld-make_fself.read.1.tlog
C:\Users\Utilisateur_\Documents\Visual Studio 2012\Projects\SkyFall Menu SubMenu\Black Ops 3 Non Host Dvar Menu ZM\BlackOps3ZombieMenuNoHost\BlackOps3ZombieMenuNoHost\PS3_Debug\ps3ppuld-make_fself.write.1.tlog
C:\Users\Utilisateur_\Documents\Visual Studio 2012\Projects\SkyFall Menu SubMenu\Black Ops 3 Non Host Dvar Menu ZM\BlackOps3ZombieMenuNoHost\BlackOps3ZombieMenuNoHost\PS3_Debug\ps3ppuld-ppu-lv2-as.read.1.tlog
C:\Users\Utilisateur_\Documents\Visual Studio 2012\Projects\SkyFall Menu SubMenu\Black Ops 3 Non Host Dvar Menu ZM\BlackOps3ZombieMenuNoHost\BlackOps3ZombieMenuNoHost\PS3_Debug\ps3ppuld-ppu-lv2-as.write.1.tlog
C:\Users\Utilisateur_\Documents\Visual Studio 2012\Projects\SkyFall Menu SubMenu\Black Ops 3 Non Host Dvar Menu ZM\BlackOps3ZombieMenuNoHost\BlackOps3ZombieMenuNoHost\PS3_Debug\ps3ppuld-ppu-lv2-prx-fixup.read.1.tlog
C:\Users\Utilisateur_\Documents\Visual Studio 2012\Projects\SkyFall Menu SubMenu\Black Ops 3 Non Host Dvar Menu ZM\BlackOps3ZombieMenuNoHost\BlackOps3ZombieMenuNoHost\PS3_Debug\ps3ppuld-ppu-lv2-prx-fixup.write.1.tlog
C:\Users\Utilisateur_\Documents\Visual Studio 2012\Projects\SkyFall Menu SubMenu\Black Ops 3 Non Host Dvar Menu ZM\BlackOps3ZombieMenuNoHost\BlackOps3ZombieMenuNoHost\PS3_Debug\ps3ppuld-ppu-lv2-prx-libgen.read.1.tlog
C:\Users\Utilisateur_\Documents\Visual Studio 2012\Projects\SkyFall Menu SubMenu\Black Ops 3 Non Host Dvar Menu ZM\BlackOps3ZombieMenuNoHost\BlackOps3ZombieMenuNoHost\PS3_Debug\ps3ppuld.10008.read.1.tlog
C:\Users\Utilisateur_\Documents\Visual Studio 2012\Projects\SkyFall Menu SubMenu\Black Ops 3 Non Host Dvar Menu ZM\BlackOps3ZombieMenuNoHost\BlackOps3ZombieMenuNoHost\PS3_Debug\ps3ppuld.10008.write.1.tlog
C:\Users\Utilisateur_\Documents\Visual Studio 2012\Projects\SkyFall Menu SubMenu\Black Ops 3 Non Host Dvar Menu ZM\BlackOps3ZombieMenuNoHost\BlackOps3ZombieMenuNoHost\PS3_Debug\ps3ppuld.11724.read.1.tlog
C:\Users\Utilisateur_\Documents\Visual Studio 2012\Projects\SkyFall Menu SubMenu\Black Ops 3 Non Host Dvar Menu ZM\BlackOps3ZombieMenuNoHost\BlackOps3ZombieMenuNoHost\PS3_Debug\ps3ppuld.11724.write.1.tlog
C:\Users\Utilisateur_\Documents\Visual Studio 2012\Projects\SkyFall Menu SubMenu\Black Ops 3 Non Host Dvar Menu ZM\BlackOps3ZombieMenuNoHost\BlackOps3ZombieMenuNoHost\PS3_Debug\ps3ppuld.13472.read.1.tlog
C:\Users\Utilisateur_\Documents\Visual Studio 2012\Projects\SkyFall Menu SubMenu\Black Ops 3 Non Host Dvar Menu ZM\BlackOps3ZombieMenuNoHost\BlackOps3ZombieMenuNoHost\PS3_Debug\ps3ppuld.13472.write.1.tlog
C:\Users\Utilisateur_\Documents\Visual Studio 2012\Projects\SkyFall Menu SubMenu\Black Ops 3 Non Host Dvar Menu ZM\BlackOps3ZombieMenuNoHost\BlackOps3ZombieMenuNoHost\PS3_Debug\ps3ppuld.14396.read.1.tlog
C:\Users\Utilisateur_\Documents\Visual Studio 2012\Projects\SkyFall Menu SubMenu\Black Ops 3 Non Host Dvar Menu ZM\BlackOps3ZombieMenuNoHost\BlackOps3ZombieMenuNoHost\PS3_Debug\ps3ppuld.14396.write.1.tlog
C:\Users\Utilisateur_\Documents\Visual Studio 2012\Projects\SkyFall Menu SubMenu\Black Ops 3 Non Host Dvar Menu ZM\BlackOps3ZombieMenuNoHost\BlackOps3ZombieMenuNoHost\PS3_Debug\ps3ppuld.15752.read.1.tlog
C:\Users\Utilisateur_\Documents\Visual Studio 2012\Projects\SkyFall Menu SubMenu\Black Ops 3 Non Host Dvar Menu ZM\BlackOps3ZombieMenuNoHost\BlackOps3ZombieMenuNoHost\PS3_Debug\ps3ppuld.15752.write.1.tlog
C:\Users\Utilisateur_\Documents\Visual Studio 2012\Projects\SkyFall Menu SubMenu\Black Ops 3 Non Host Dvar Menu ZM\BlackOps3ZombieMenuNoHost\BlackOps3ZombieMenuNoHost\PS3_Debug\ps3ppuld.15936.read.1.tlog
C:\Users\Utilisateur_\Documents\Visual Studio 2012\Projects\SkyFall Menu SubMenu\Black Ops 3 Non Host Dvar Menu ZM\BlackOps3ZombieMenuNoHost\BlackOps3ZombieMenuNoHost\PS3_Debug\ps3ppuld.15936.write.1.tlog
C:\Users\Utilisateur_\Documents\Visual Studio 2012\Projects\SkyFall Menu SubMenu\Black Ops 3 Non Host Dvar Menu ZM\BlackOps3ZombieMenuNoHost\BlackOps3ZombieMenuNoHost\PS3_Debug\ps3ppuld.16072.read.1.tlog
C:\Users\Utilisateur_\Documents\Visual Studio 2012\Projects\SkyFall Menu SubMenu\Black Ops 3 Non Host Dvar Menu ZM\BlackOps3ZombieMenuNoHost\BlackOps3ZombieMenuNoHost\PS3_Debug\ps3ppuld.16072.write.1.tlog
C:\Users\Utilisateur_\Documents\Visual Studio 2012\Projects\SkyFall Menu SubMenu\Black Ops 3 Non Host Dvar Menu ZM\BlackOps3ZombieMenuNoHost\BlackOps3ZombieMenuNoHost\PS3_Debug\ps3ppuld.19204.read.1.tlog
C:\Users\Utilisateur_\Documents\Visual Studio 2012\Projects\SkyFall Menu SubMenu\Black Ops 3 Non Host Dvar Menu ZM\BlackOps3ZombieMenuNoHost\BlackOps3ZombieMenuNoHost\PS3_Debug\ps3ppuld.19204.write.1.tlog
C:\Users\Utilisateur_\Documents\Visual Studio 2012\Projects\SkyFall Menu SubMenu\Black Ops 3 Non Host Dvar Menu ZM\BlackOps3ZombieMenuNoHost\BlackOps3ZombieMenuNoHost\PS3_Debug\ps3ppuld.19384.read.1.tlog
C:\Users\Utilisateur_\Documents\Visual Studio 2012\Projects\SkyFall Menu SubMenu\Black Ops 3 Non Host Dvar Menu ZM\BlackOps3ZombieMenuNoHost\BlackOps3ZombieMenuNoHost\PS3_Debug\ps3ppuld.19384.write.1.tlog
C:\Users\Utilisateur_\Documents\Visual Studio 2012\Projects\SkyFall Menu SubMenu\Black Ops 3 Non Host Dvar Menu ZM\BlackOps3ZombieMenuNoHost\BlackOps3ZombieMenuNoHost\PS3_Debug\ps3ppuld.19504.read.1.tlog
C:\Users\Utilisateur_\Documents\Visual Studio 2012\Projects\SkyFall Menu SubMenu\Black Ops 3 Non Host Dvar Menu ZM\BlackOps3ZombieMenuNoHost\BlackOps3ZombieMenuNoHost\PS3_Debug\ps3ppuld.19504.write.1.tlog
C:\Users\Utilisateur_\Documents\Visual Studio 2012\Projects\SkyFall Menu SubMenu\Black Ops 3 Non Host Dvar Menu ZM\BlackOps3ZombieMenuNoHost\BlackOps3ZombieMenuNoHost\PS3_Debug\ps3ppuld.19952.read.1.tlog
C:\Users\Utilisateur_\Documents\Visual Studio 2012\Projects\SkyFall Menu SubMenu\Black Ops 3 Non Host Dvar Menu ZM\BlackOps3ZombieMenuNoHost\BlackOps3ZombieMenuNoHost\PS3_Debug\ps3ppuld.19952.write.1.tlog
C:\Users\Utilisateur_\Documents\Visual Studio 2012\Projects\SkyFall Menu SubMenu\Black Ops 3 Non Host Dvar Menu ZM\BlackOps3ZombieMenuNoHost\BlackOps3ZombieMenuNoHost\PS3_Debug\ps3ppuld.19980.read.1.tlog
C:\Users\Utilisateur_\Documents\Visual Studio 2012\Projects\SkyFall Menu SubMenu\Black Ops 3 Non Host Dvar Menu ZM\BlackOps3ZombieMenuNoHost\BlackOps3ZombieMenuNoHost\PS3_Debug\ps3ppuld.19980.write.1.tlog
C:\Users\Utilisateur_\Documents\Visual Studio 2012\Projects\SkyFall Menu SubMenu\Black Ops 3 Non Host Dvar Menu ZM\BlackOps3ZombieMenuNoHost\BlackOps3ZombieMenuNoHost\PS3_Debug\ps3ppuld.20204.read.1.tlog
C:\Users\Utilisateur_\Documents\Visual Studio 2012\Projects\SkyFall Menu SubMenu\Black Ops 3 Non Host Dvar Menu ZM\BlackOps3ZombieMenuNoHost\BlackOps3ZombieMenuNoHost\PS3_Debug\ps3ppuld.20204.write.1.tlog
C:\Users\Utilisateur_\Documents\Visual Studio 2012\Projects\SkyFall Menu SubMenu\Black Ops 3 Non Host Dvar Menu ZM\BlackOps3ZombieMenuNoHost\BlackOps3ZombieMenuNoHost\PS3_Debug\ps3ppuld.20412.read.1.tlog
C:\Users\Utilisateur_\Documents\Visual Studio 2012\Projects\SkyFall Menu SubMenu\Black Ops 3 Non Host Dvar Menu ZM\BlackOps3ZombieMenuNoHost\BlackOps3ZombieMenuNoHost\PS3_Debug\ps3ppuld.20412.write.1.tlog
C:\Users\Utilisateur_\Documents\Visual Studio 2012\Projects\SkyFall Menu SubMenu\Black Ops 3 Non Host Dvar Menu ZM\BlackOps3ZombieMenuNoHost\BlackOps3ZombieMenuNoHost\PS3_Debug\ps3ppuld.20496.read.1.tlog
C:\Users\Utilisateur_\Documents\Visual Studio 2012\Projects\SkyFall Menu SubMenu\Black Ops 3 Non Host Dvar Menu ZM\BlackOps3ZombieMenuNoHost\BlackOps3ZombieMenuNoHost\PS3_Debug\ps3ppuld.20496.write.1.tlog
C:\Users\Utilisateur_\Documents\Visual Studio 2012\Projects\SkyFall Menu SubMenu\Black Ops 3 Non Host Dvar Menu ZM\BlackOps3ZombieMenuNoHost\BlackOps3ZombieMenuNoHost\PS3_Debug\ps3ppuld.21028.read.1.tlog
C:\Users\Utilisateur_\Documents\Visual Studio 2012\Projects\SkyFall Menu SubMenu\Black Ops 3 Non Host Dvar Menu ZM\BlackOps3ZombieMenuNoHost\BlackOps3ZombieMenuNoHost\PS3_Debug\ps3ppuld.21028.write.1.tlog
C:\Users\Utilisateur_\Documents\Visual Studio 2012\Projects\SkyFall Menu SubMenu\Black Ops 3 Non Host Dvar Menu ZM\BlackOps3ZombieMenuNoHost\BlackOps3ZombieMenuNoHost\PS3_Debug\ps3ppuld.21088.read.1.tlog
C:\Users\Utilisateur_\Documents\Visual Studio 2012\Projects\SkyFall Menu SubMenu\Black Ops 3 Non Host Dvar Menu ZM\BlackOps3ZombieMenuNoHost\BlackOps3ZombieMenuNoHost\PS3_Debug\ps3ppuld.21088.write.1.tlog
C:\Users\Utilisateur_\Documents\Visual Studio 2012\Projects\SkyFall Menu SubMenu\Black Ops 3 Non Host Dvar Menu ZM\BlackOps3ZombieMenuNoHost\BlackOps3ZombieMenuNoHost\PS3_Debug\ps3ppuld.21124.read.1.tlog
C:\Users\Utilisateur_\Documents\Visual Studio 2012\Projects\SkyFall Menu SubMenu\Black Ops 3 Non Host Dvar Menu ZM\BlackOps3ZombieMenuNoHost\BlackOps3ZombieMenuNoHost\PS3_Debug\ps3ppuld.21124.write.1.tlog
C:\Users\Utilisateur_\Documents\Visual Studio 2012\Projects\SkyFall Menu SubMenu\Black Ops 3 Non Host Dvar Menu ZM\BlackOps3ZombieMenuNoHost\BlackOps3ZombieMenuNoHost\PS3_Debug\ps3ppuld.21452.read.1.tlog
C:\Users\Utilisateur_\Documents\Visual Studio 2012\Projects\SkyFall Menu SubMenu\Black Ops 3 Non Host Dvar Menu ZM\BlackOps3ZombieMenuNoHost\BlackOps3ZombieMenuNoHost\PS3_Debug\ps3ppuld.21452.write.1.tlog
C:\Users\Utilisateur_\Documents\Visual Studio 2012\Projects\SkyFall Menu SubMenu\Black Ops 3 Non Host Dvar Menu ZM\BlackOps3ZombieMenuNoHost\BlackOps3ZombieMenuNoHost\PS3_Debug\ps3ppuld.344.read.1.tlog
C:\Users\Utilisateur_\Documents\Visual Studio 2012\Projects\SkyFall Menu SubMenu\Black Ops 3 Non Host Dvar Menu ZM\BlackOps3ZombieMenuNoHost\BlackOps3ZombieMenuNoHost\PS3_Debug\ps3ppuld.344.write.1.tlog
C:\Users\Utilisateur_\Documents\Visual Studio 2012\Projects\SkyFall Menu SubMenu\Black Ops 3 Non Host Dvar Menu ZM\BlackOps3ZombieMenuNoHost\BlackOps3ZombieMenuNoHost\PS3_Debug\ps3ppuld.4292.read.1.tlog
C:\Users\Utilisateur_\Documents\Visual Studio 2012\Projects\SkyFall Menu SubMenu\Black Ops 3 Non Host Dvar Menu ZM\BlackOps3ZombieMenuNoHost\BlackOps3ZombieMenuNoHost\PS3_Debug\ps3ppuld.4292.write.1.tlog
C:\Users\Utilisateur_\Documents\Visual Studio 2012\Projects\SkyFall Menu SubMenu\Black Ops 3 Non Host Dvar Menu ZM\BlackOps3ZombieMenuNoHost\BlackOps3ZombieMenuNoHost\PS3_Debug\ps3ppuld.4452.read.1.tlog
C:\Users\Utilisateur_\Documents\Visual Studio 2012\Projects\SkyFall Menu SubMenu\Black Ops 3 Non Host Dvar Menu ZM\BlackOps3ZombieMenuNoHost\BlackOps3ZombieMenuNoHost\PS3_Debug\ps3ppuld.4452.write.1.tlog
C:\Users\Utilisateur_\Documents\Visual Studio 2012\Projects\SkyFall Menu SubMenu\Black Ops 3 Non Host Dvar Menu ZM\BlackOps3ZombieMenuNoHost\BlackOps3ZombieMenuNoHost\PS3_Debug\ps3ppuld.5048.read.1.tlog
C:\Users\Utilisateur_\Documents\Visual Studio 2012\Projects\SkyFall Menu SubMenu\Black Ops 3 Non Host Dvar Menu ZM\BlackOps3ZombieMenuNoHost\BlackOps3ZombieMenuNoHost\PS3_Debug\ps3ppuld.5048.write.1.tlog
C:\Users\Utilisateur_\Documents\Visual Studio 2012\Projects\SkyFall Menu SubMenu\Black Ops 3 Non Host Dvar Menu ZM\BlackOps3ZombieMenuNoHost\BlackOps3ZombieMenuNoHost\PS3_Debug\ps3ppuld.8312.read.1.tlog
C:\Users\Utilisateur_\Documents\Visual Studio 2012\Projects\SkyFall Menu SubMenu\Black Ops 3 Non Host Dvar Menu ZM\BlackOps3ZombieMenuNoHost\BlackOps3ZombieMenuNoHost\PS3_Debug\ps3ppuld.8312.write.1.tlog
C:\Users\Utilisateur_\Documents\Visual Studio 2012\Projects\SkyFall Menu SubMenu\Black Ops 3 Non Host Dvar Menu ZM\BlackOps3ZombieMenuNoHost\BlackOps3ZombieMenuNoHost\PS3_Debug\ps3ppuld.9920.read.1.tlog
C:\Users\Utilisateur_\Documents\Visual Studio 2012\Projects\SkyFall Menu SubMenu\Black Ops 3 Non Host Dvar Menu ZM\BlackOps3ZombieMenuNoHost\BlackOps3ZombieMenuNoHost\PS3_Debug\ps3ppuld.9920.write.1.tlog
C:\Users\Utilisateur_\Documents\Visual Studio 2012\Projects\SkyFall Menu SubMenu\Black Ops 3 Non Host Dvar Menu ZM\BlackOps3ZombieMenuNoHost\BlackOps3ZombieMenuNoHost\PS3_Debug\ps3ppuld.command.1.tlog
C:\Users\Utilisateur_\Documents\Visual Studio 2012\Projects\SkyFall Menu SubMenu\Black Ops 3 Non Host Dvar Menu ZM\BlackOps3ZombieMenuNoHost\BlackOps3ZombieMenuNoHost\PS3_Debug\ps3ppuld.read.1.tlog
C:\Users\Utilisateur_\Documents\Visual Studio 2012\Projects\SkyFall Menu SubMenu\Black Ops 3 Non Host Dvar Menu ZM\BlackOps3ZombieMenuNoHost\BlackOps3ZombieMenuNoHost\PS3_Debug\ps3ppuld.write.1.tlog
C:\Users\Utilisateur_\Documents\Visual Studio 2012\Projects\SkyFall Menu SubMenu\Black Ops 3 Non Host Dvar Menu ZM\BlackOps3ZombieMenuNoHost\BlackOps3ZombieMenuNoHost\PS3_Debug\ps3ppusnc.command.1.tlog
C:\Users\Utilisateur_\Documents\Visual Studio 2012\Projects\SkyFall Menu SubMenu\Black Ops 3 Non Host Dvar Menu ZM\BlackOps3ZombieMenuNoHost\BlackOps3ZombieMenuNoHost\PS3_Debug\ps3ppusnc.read.1.tlog
C:\Users\Utilisateur_\Documents\Visual Studio 2012\Projects\SkyFall Menu SubMenu\Black Ops 3 Non Host Dvar Menu ZM\BlackOps3ZombieMenuNoHost\BlackOps3ZombieMenuNoHost\PS3_Debug\ps3ppusnc.write.1.tlog
C:\Users\Utilisateur_\Documents\Visual Studio 2012\Projects\SkyFall Menu SubMenu\Black Ops 3 Non Host Dvar Menu ZM\BlackOps3ZombieMenuNoHost\PS3_Debug\MrNiato.sprx
